<?xml version="1.0" encoding="UTF-8" ?>
<testsuite tests="6" failures="0" name="br.com.server.service.test.ServiceTest" time="0.375" errors="0" skipped="0">
  <properties>
    <property name="java.runtime.name" value="Java(TM) SE Runtime Environment"/>
    <property name="sun.boot.library.path" value="C:\workspace\tools\java\jdk1.8.0_121\jre\bin"/>
    <property name="java.vm.version" value="25.121-b13"/>
    <property name="java.vm.vendor" value="Oracle Corporation"/>
    <property name="maven.multiModuleProjectDirectory" value="C:\Hora_do_Lanche\WebService"/>
    <property name="java.vendor.url" value="http://java.oracle.com/"/>
    <property name="path.separator" value=";"/>
    <property name="guice.disable.misplaced.annotation.check" value="true"/>
    <property name="java.vm.name" value="Java HotSpot(TM) 64-Bit Server VM"/>
    <property name="file.encoding.pkg" value="sun.io"/>
    <property name="user.script" value=""/>
    <property name="user.country" value="BR"/>
    <property name="sun.java.launcher" value="SUN_STANDARD"/>
    <property name="sun.os.patch.level" value=""/>
    <property name="java.vm.specification.name" value="Java Virtual Machine Specification"/>
    <property name="user.dir" value="C:\Hora_do_Lanche\WebService"/>
    <property name="java.runtime.version" value="1.8.0_121-b13"/>
    <property name="java.awt.graphicsenv" value="sun.awt.Win32GraphicsEnvironment"/>
    <property name="java.endorsed.dirs" value="C:\workspace\tools\java\jdk1.8.0_121\jre\lib\endorsed"/>
    <property name="os.arch" value="amd64"/>
    <property name="java.io.tmpdir" value="C:\Temp\"/>
    <property name="line.separator" value="
"/>
    <property name="java.vm.specification.vendor" value="Oracle Corporation"/>
    <property name="user.variant" value=""/>
    <property name="os.name" value="Windows 10"/>
    <property name="classworlds.conf" value="C:\work\.metadata\.plugins\org.eclipse.m2e.launching\launches\m2conf5111197068156537447.tmp"/>
    <property name="sun.jnu.encoding" value="Cp1252"/>
    <property name="java.library.path" value="C:\workspace\tools\java\jdk1.8.0_121\bin;C:\WINDOWS\Sun\Java\bin;C:\WINDOWS\system32;C:\WINDOWS;C:\ProgramData\Oracle\Java\javapath;C:\WINDOWS\system32;C:\WINDOWS;C:\WINDOWS\System32\Wbem;C:\WINDOWS\System32\WindowsPowerShell\v1.0\;C:\workspace\tools\java\jdk1.8.0_121\bin;C:\workspace\tools\maven\apache-maven-3.2.5\bin;C:\workspace\tools\oracle\product\10.2.0\client_2\bin;C:\Program Files\TortoiseSVN\bin;C:\Users\waraujo\AppData\Local\Microsoft\WindowsApps;;."/>
    <property name="java.specification.name" value="Java Platform API Specification"/>
    <property name="java.class.version" value="52.0"/>
    <property name="sun.management.compiler" value="HotSpot 64-Bit Tiered Compilers"/>
    <property name="os.version" value="10.0"/>
    <property name="user.home" value="C:\Users\waraujo"/>
    <property name="user.timezone" value="America/Sao_Paulo"/>
    <property name="java.awt.printerjob" value="sun.awt.windows.WPrinterJob"/>
    <property name="java.specification.version" value="1.8"/>
    <property name="file.encoding" value="Cp1252"/>
    <property name="user.name" value="waraujo"/>
    <property name="java.class.path" value="/C:/workspace/tools/eclipse/eclipse-neon/plugins/org.eclipse.m2e.maven.runtime_1.7.0.20160603-1931/jars/plexus-classworlds-2.5.2.jar"/>
    <property name="java.vm.specification.version" value="1.8"/>
    <property name="sun.arch.data.model" value="64"/>
    <property name="java.home" value="C:\workspace\tools\java\jdk1.8.0_121\jre"/>
    <property name="sun.java.command" value="org.codehaus.plexus.classworlds.launcher.Launcher -B install"/>
    <property name="java.specification.vendor" value="Oracle Corporation"/>
    <property name="user.language" value="pt"/>
    <property name="awt.toolkit" value="sun.awt.windows.WToolkit"/>
    <property name="java.vm.info" value="mixed mode"/>
    <property name="java.version" value="1.8.0_121"/>
    <property name="java.ext.dirs" value="C:\workspace\tools\java\jdk1.8.0_121\jre\lib\ext;C:\WINDOWS\Sun\Java\lib\ext"/>
    <property name="sun.boot.class.path" value="C:\workspace\tools\java\jdk1.8.0_121\jre\lib\resources.jar;C:\workspace\tools\java\jdk1.8.0_121\jre\lib\rt.jar;C:\workspace\tools\java\jdk1.8.0_121\jre\lib\sunrsasign.jar;C:\workspace\tools\java\jdk1.8.0_121\jre\lib\jsse.jar;C:\workspace\tools\java\jdk1.8.0_121\jre\lib\jce.jar;C:\workspace\tools\java\jdk1.8.0_121\jre\lib\charsets.jar;C:\workspace\tools\java\jdk1.8.0_121\jre\lib\jfr.jar;C:\workspace\tools\java\jdk1.8.0_121\jre\classes"/>
    <property name="java.vendor" value="Oracle Corporation"/>
    <property name="maven.home" value="C:\Hora_do_Lanche\WebService\EMBEDDED"/>
    <property name="file.separator" value="\"/>
    <property name="java.vendor.url.bug" value="http://bugreport.sun.com/bugreport/"/>
    <property name="sun.cpu.endian" value="little"/>
    <property name="sun.io.unicode.encoding" value="UnicodeLittle"/>
    <property name="sun.desktop" value="windows"/>
    <property name="sun.cpu.isalist" value="amd64"/>
  </properties>
  <testcase classname="br.com.server.service.test.ServiceTest" name="calcularPedido" time="0.366"/>
  <testcase classname="br.com.server.service.test.ServiceTest" name="calcularLanche" time="0.001"/>
  <testcase classname="br.com.server.service.test.ServiceTest" name="calcularPedido_MuitoQueijo" time="0.002"/>
  <testcase classname="br.com.server.service.test.ServiceTest" name="calcularPedido_light" time="0.002"/>
  <testcase classname="br.com.server.service.test.ServiceTest" name="calcularPedido_TodasPromocoes" time="0.002"/>
  <testcase classname="br.com.server.service.test.ServiceTest" name="calcularPedido_MuitaCarne" time="0.002"/>
</testsuite>